<?xml version="1.0" encoding="UTF-8"?>
<testng-results skipped="0" failed="0" total="1" passed="1">
  <reporter-output>
  </reporter-output>
  <suite name="Default suite" duration-ms="32091" started-at="2020-01-04T05:32:58Z" finished-at="2020-01-04T05:33:30Z">
    <groups>
    </groups>
    <test name="Default test" duration-ms="32091" started-at="2020-01-04T05:32:58Z" finished-at="2020-01-04T05:33:30Z">
      <class name="Basic.Demo1">
        <test-method status="PASS" signature="testA()[pri:0, instance:Basic.Demo1@d851c9]" name="testA" duration-ms="32042" started-at="2020-01-04T11:02:58Z" finished-at="2020-01-04T11:03:30Z">
          <reporter-output>
          </reporter-output>
        </test-method> <!-- testA -->
      </class> <!-- Basic.Demo1 -->
    </test> <!-- Default test -->
  </suite> <!-- Default suite -->
</testng-results>
